<?xml version="1.0" encoding="UTF-8"?>
<testng-results ignored="0" total="1" passed="1" failed="0" skipped="0">
  <reporter-output>
  </reporter-output>
  <suite started-at="2020-01-23T12:52:38 IST" name="Default suite" finished-at="2020-01-23T12:53:01 IST" duration-ms="22898">
    <groups>
    </groups>
    <test started-at="2020-01-23T12:52:38 IST" name="Default test" finished-at="2020-01-23T12:53:01 IST" duration-ms="22898">
      <class name="com.qa.pages.LoginPage">
        <test-method is-config="true" signature="setUp()[pri:0, instance:com.qa.pages.LoginPage@f8c1ddd]" started-at="2020-01-23T12:52:38 IST" name="setUp" finished-at="2020-01-23T12:52:49 IST" duration-ms="10802" status="PASS">
          <reporter-output>
          </reporter-output>
        </test-method> <!-- setUp -->
        <test-method signature="logintoApp()[pri:0, instance:com.qa.pages.LoginPage@f8c1ddd]" started-at="2020-01-23T12:52:49 IST" name="logintoApp" finished-at="2020-01-23T12:52:55 IST" duration-ms="6204" status="PASS">
          <reporter-output>
          </reporter-output>
        </test-method> <!-- logintoApp -->
        <test-method is-config="true" signature="tearDown()[pri:0, instance:com.qa.pages.LoginPage@f8c1ddd]" started-at="2020-01-23T12:52:55 IST" name="tearDown" finished-at="2020-01-23T12:53:01 IST" duration-ms="5823" status="PASS">
          <reporter-output>
          </reporter-output>
        </test-method> <!-- tearDown -->
      </class> <!-- com.qa.pages.LoginPage -->
    </test> <!-- Default test -->
  </suite> <!-- Default suite -->
</testng-results>
